#
# A fatal error has been detected by the Java Runtime Environment:
#
#  Internal Error (constantTag.cpp:59), pid=32, tid=0x0000000000000974
#  Error: ShouldNotReachHere()
#
# JRE version: Java(TM) SE Runtime Environment (8.0_181-b13) (build 1.8.0_181-b13)
# Java VM: Java HotSpot(TM) 64-Bit Server VM (25.181-b13 mixed mode windows-amd64 compressed oops)
# Failed to write core dump. Minidumps are not enabled by default on client versions of Windows
#
# If you would like to submit a bug report, please visit:
#   http://bugreport.java.com/bugreport/crash.jsp
#

---------------  T H R E A D  ---------------

Current thread (0x0000000001d9e000):  VMThread [stack: 0x000000001c410000,0x000000001c510000] [id=2420]

Stack: [0x000000001c410000,0x000000001c510000]
[error occurred during error reporting (printing stack bounds), id 0xc0000005]

Native frames: (J=compiled Java code, j=interpreted, Vv=VM code, C=native code)

VM_Operation (0x000000001cefef60): GetOrSetLocal, mode: safepoint, requested by thread 0x000000001c652800


---------------  P R O C E S S  ---------------

Java Threads: ( => current thread )
  0x000000001e427000 JavaThread "Okio Watchdog" daemon [_thread_blocked, id=19964, stack(0x00000000203a0000,0x00000000204a0000)]
  0x000000001e41d000 JavaThread "OkHttp ConnectionPool" daemon [_thread_blocked, id=1672, stack(0x00000000202a0000,0x00000000203a0000)]
  0x000000001e2ef000 JavaThread "ForkJoinPool.commonPool-worker-3" daemon [_thread_blocked, id=12380, stack(0x000000001fb10000,0x000000001fc10000)]
  0x000000001ca03000 JavaThread "Service Thread" daemon [_thread_blocked, id=15320, stack(0x000000001d500000,0x000000001d600000)]
  0x000000001c97d000 JavaThread "C1 CompilerThread3" daemon [_thread_blocked, id=11504, stack(0x000000001d400000,0x000000001d500000)]
  0x000000001c960800 JavaThread "C2 CompilerThread2" daemon [_thread_blocked, id=17240, stack(0x000000001d300000,0x000000001d400000)]
  0x000000001c95f800 JavaThread "C2 CompilerThread1" daemon [_thread_blocked, id=8972, stack(0x000000001d200000,0x000000001d300000)]
  0x000000001c95a800 JavaThread "C2 CompilerThread0" daemon [_thread_blocked, id=2864, stack(0x000000001d100000,0x000000001d200000)]
  0x000000001c663800 JavaThread "JDWP Command Reader" daemon [_thread_in_native, id=21612, stack(0x000000001d000000,0x000000001d100000)]
  0x000000001c65e800 JavaThread "JDWP Event Helper Thread" daemon [_thread_blocked, id=16004, stack(0x000000001cf00000,0x000000001d000000)]
  0x000000001c652800 JavaThread "JDWP Transport Listener: dt_socket" daemon [_thread_blocked, id=4116, stack(0x000000001ce00000,0x000000001cf00000)]
  0x000000001a738000 JavaThread "Attach Listener" daemon [_thread_blocked, id=18716, stack(0x000000001cd00000,0x000000001ce00000)]
  0x000000001c64d800 JavaThread "Signal Dispatcher" daemon [_thread_blocked, id=9656, stack(0x000000001cc00000,0x000000001cd00000)]
  0x000000001a733800 JavaThread "Finalizer" daemon [_thread_blocked, id=18520, stack(0x000000001ca10000,0x000000001cb10000)]
  0x000000001a72c800 JavaThread "Reference Handler" daemon [_thread_blocked, id=16748, stack(0x000000001c510000,0x000000001c610000)]
  0x0000000001ca6000 JavaThread "main" [_thread_blocked, id=17248, stack(0x0000000001aa0000,0x0000000001ba0000)]

Other Threads:
=>0x0000000001d9e000 VMThread [stack: 0x000000001c410000,0x000000001c510000] [id=2420]
  0x000000001ca0e000 WatcherThread [stack: 0x000000001de00000,0x000000001df00000] [id=18536]

VM state:at safepoint (normal execution)

VM Mutex/Monitor currently owned by a thread:  ([mutex/lock_event])
[0x0000000001ca2ec0] Threads_lock - owner thread: 0x0000000001d9e000

Heap:
 PSYoungGen      total 57344K, used 38108K [0x0000000780580000, 0x0000000784580000, 0x00000007c0000000)
  eden space 49152K, 64% used [0x0000000780580000,0x000000078246ff90,0x0000000783580000)
  from space 8192K, 78% used [0x0000000783580000,0x0000000783bc7140,0x0000000783d80000)
  to   space 8192K, 0% used [0x0000000783d80000,0x0000000783d80000,0x0000000784580000)
 ParOldGen       total 131072K, used 80K [0x0000000701000000, 0x0000000709000000, 0x0000000780580000)
  object space 131072K, 0% used [0x0000000701000000,0x0000000701014010,0x0000000709000000)
 Metaspace       used 16653K, capacity 17454K, committed 17664K, reserved 1064960K
  class space    used 2045K, capacity 2253K, committed 2304K, reserved 1048576K

Card table byte_map: [0x00000000127c0000,0x0000000012dc0000] byte_map_base: 0x000000000efb8000

Marking Bits: (ParMarkBitMap*) 0x000000006c322d00
 Begin Bits: [0x00000000137c0000, 0x0000000016780000)
 End Bits:   [0x0000000016780000, 0x0000000019740000)

Polling page: 0x0000000001950000

CodeCache: size=245760Kb used=5903Kb max_used=5903Kb free=239856Kb
 bounds [0x0000000003400000, 0x00000000039d0000, 0x0000000012400000]
 total_blobs=2128 nmethods=1743 adapters=305
 compilation: enabled

Compilation events (10 events):
Event: 50.303 Thread 0x000000001c97d000 1739       3       com.google.common.collect.AbstractListMultimap::put (7 bytes)
Event: 50.304 Thread 0x000000001c97d000 nmethod 1739 0x00000000039c4d50 code [0x00000000039c4ec0, 0x00000000039c5068]
Event: 50.304 Thread 0x000000001c97d000 1740       3       com.google.common.collect.ArrayListMultimap::createCollection (5 bytes)
Event: 50.304 Thread 0x000000001c97d000 nmethod 1740 0x00000000039c4810 code [0x00000000039c4980, 0x00000000039c4c48]
Event: 50.304 Thread 0x000000001c97d000 1741       3       java.util.TreeMap$PrivateEntryIterator::nextEntry (54 bytes)
Event: 50.305 Thread 0x000000001c97d000 nmethod 1741 0x00000000039c5110 code [0x00000000039c52c0, 0x00000000039c56c8]
Event: 50.305 Thread 0x000000001c97d000 1742       3       java.lang.Throwable::<init> (34 bytes)
Event: 50.306 Thread 0x000000001c97d000 nmethod 1742 0x00000000039c58d0 code [0x00000000039c5a40, 0x00000000039c5d48]
Event: 50.306 Thread 0x000000001c97d000 1743       3       java.util.HashMap$HashMapSpliterator::getFence (53 bytes)
Event: 50.307 Thread 0x000000001c97d000 nmethod 1743 0x00000000039c4390 code [0x00000000039c4500, 0x00000000039c4710]

GC Heap History (2 events):
Event: 1.889 GC heap before
{Heap before GC invocations=1 (full 0):
 PSYoungGen      total 57344K, used 49152K [0x0000000780580000, 0x0000000784580000, 0x00000007c0000000)
  eden space 49152K, 100% used [0x0000000780580000,0x0000000783580000,0x0000000783580000)
  from space 8192K, 0% used [0x0000000783d80000,0x0000000783d80000,0x0000000784580000)
  to   space 8192K, 0% used [0x0000000783580000,0x0000000783580000,0x0000000783d80000)
 ParOldGen       total 131072K, used 0K [0x0000000701000000, 0x0000000709000000, 0x0000000780580000)
  object space 131072K, 0% used [0x0000000701000000,0x0000000701000000,0x0000000709000000)
 Metaspace       used 12842K, capacity 13108K, committed 13440K, reserved 1060864K
  class space    used 1490K, capacity 1586K, committed 1664K, reserved 1048576K
Event: 1.895 GC heap after
Heap after GC invocations=1 (full 0):
 PSYoungGen      total 57344K, used 6428K [0x0000000780580000, 0x0000000784580000, 0x00000007c0000000)
  eden space 49152K, 0% used [0x0000000780580000,0x0000000780580000,0x0000000783580000)
  from space 8192K, 78% used [0x0000000783580000,0x0000000783bc7140,0x0000000783d80000)
  to   space 8192K, 0% used [0x0000000783d80000,0x0000000783d80000,0x0000000784580000)
 ParOldGen       total 131072K, used 80K [0x0000000701000000, 0x0000000709000000, 0x0000000780580000)
  object space 131072K, 0% used [0x0000000701000000,0x0000000701014010,0x0000000709000000)
 Metaspace       used 12842K, capacity 13108K, committed 13440K, reserved 1060864K
  class space    used 1490K, capacity 1586K, committed 1664K, reserved 1048576K
}

Deoptimization events (10 events):
Event: 2.118 Thread 0x0000000001ca6000 Uncommon trap: reason=class_check action=maybe_recompile pc=0x00000000037fdfdc method=java.util.regex.Pattern$Curly.match(Ljava/util/regex/Matcher;ILjava/lang/CharSequence;)Z @ 19
Event: 2.118 Thread 0x0000000001ca6000 Uncommon trap: reason=class_check action=maybe_recompile pc=0x00000000037fdfdc method=java.util.regex.Pattern$Curly.match(Ljava/util/regex/Matcher;ILjava/lang/CharSequence;)Z @ 19
Event: 2.118 Thread 0x0000000001ca6000 Uncommon trap: reason=class_check action=maybe_recompile pc=0x00000000037fdfdc method=java.util.regex.Pattern$Curly.match(Ljava/util/regex/Matcher;ILjava/lang/CharSequence;)Z @ 19
Event: 2.118 Thread 0x0000000001ca6000 Uncommon trap: reason=class_check action=maybe_recompile pc=0x00000000037fdfdc method=java.util.regex.Pattern$Curly.match(Ljava/util/regex/Matcher;ILjava/lang/CharSequence;)Z @ 19
Event: 14.633 Thread 0x0000000001ca6000 Uncommon trap: reason=class_check action=maybe_recompile pc=0x00000000038c4854 method=org.openqa.selenium.json.Input.init()V @ 18
Event: 14.633 Thread 0x0000000001ca6000 Uncommon trap: reason=class_check action=maybe_recompile pc=0x00000000038c4854 method=org.openqa.selenium.json.Input.init()V @ 18
Event: 14.633 Thread 0x0000000001ca6000 Uncommon trap: reason=class_check action=maybe_recompile pc=0x00000000038c4854 method=org.openqa.selenium.json.Input.init()V @ 18
Event: 14.633 Thread 0x0000000001ca6000 Uncommon trap: reason=class_check action=maybe_recompile pc=0x00000000038c4854 method=org.openqa.selenium.json.Input.init()V @ 18
Event: 17.061 Thread 0x0000000001ca6000 Uncommon trap: reason=unstable_if action=reinterpret pc=0x000000000353c8f4 method=sun.nio.cs.UTF_8$Encoder.encode([CII[B)I @ 33
Event: 25.454 Thread 0x0000000001ca6000 Uncommon trap: reason=unstable_if action=reinterpret pc=0x00000000037cc3fc method=sun.nio.cs.UTF_8$Decoder.decode([BII[C)I @ 30

Classes redefined (2 events):
Event: 612.843 Thread 0x0000000001d9e000 redefined class name=test, count=1
Event: 879.644 Thread 0x0000000001d9e000 redefined class name=test, count=2

Internal exceptions (10 events):
Event: 23.502 Thread 0x0000000001ca6000 Exception <a 'java/net/SocketTimeoutException': Read timed out> (0x00000007821f17e8) thrown at [C:\re\workspace\8-2-build-windows-amd64-cygwin\jdk8u181\11358\hotspot\src\share\vm\prims\jni.cpp, line 735]
Event: 23.512 Thread 0x0000000001ca6000 Exception <a 'java/net/SocketTimeoutException': Read timed out> (0x0000000782211d88) thrown at [C:\re\workspace\8-2-build-windows-amd64-cygwin\jdk8u181\11358\hotspot\src\share\vm\prims\jni.cpp, line 735]
Event: 25.457 Thread 0x0000000001ca6000 Exception <a 'java/net/SocketTimeoutException': Read timed out> (0x000000078224c668) thrown at [C:\re\workspace\8-2-build-windows-amd64-cygwin\jdk8u181\11358\hotspot\src\share\vm\prims\jni.cpp, line 735]
Event: 25.773 Thread 0x0000000001ca6000 Exception <a 'java/net/SocketTimeoutException': Read timed out> (0x000000078226a728) thrown at [C:\re\workspace\8-2-build-windows-amd64-cygwin\jdk8u181\11358\hotspot\src\share\vm\prims\jni.cpp, line 735]
Event: 30.744 Thread 0x0000000001ca6000 Exception <a 'java/net/SocketTimeoutException': Read timed out> (0x000000078228e570) thrown at [C:\re\workspace\8-2-build-windows-amd64-cygwin\jdk8u181\11358\hotspot\src\share\vm\prims\jni.cpp, line 735]
Event: 31.748 Thread 0x0000000001ca6000 Exception <a 'java/net/SocketTimeoutException': Read timed out> (0x00000007822c6df0) thrown at [C:\re\workspace\8-2-build-windows-amd64-cygwin\jdk8u181\11358\hotspot\src\share\vm\prims\jni.cpp, line 735]
Event: 32.825 Thread 0x0000000001ca6000 Exception <a 'java/net/SocketTimeoutException': Read timed out> (0x00000007822f31a8) thrown at [C:\re\workspace\8-2-build-windows-amd64-cygwin\jdk8u181\11358\hotspot\src\share\vm\prims\jni.cpp, line 735]
Event: 40.175 Thread 0x0000000001ca6000 Exception <a 'java/net/SocketTimeoutException': Read timed out> (0x000000078230f410) thrown at [C:\re\workspace\8-2-build-windows-amd64-cygwin\jdk8u181\11358\hotspot\src\share\vm\prims\jni.cpp, line 735]
Event: 40.250 Thread 0x0000000001ca6000 Exception <a 'java/net/SocketTimeoutException': Read timed out> (0x000000078232b468) thrown at [C:\re\workspace\8-2-build-windows-amd64-cygwin\jdk8u181\11358\hotspot\src\share\vm\prims\jni.cpp, line 735]
Event: 40.263 Thread 0x0000000001ca6000 Exception <a 'java/net/SocketTimeoutException': Read timed out> (0x0000000782349460) thrown at [C:\re\workspace\8-2-build-windows-amd64-cygwin\jdk8u181\11358\hotspot\src\share\vm\prims\jni.cpp, line 735]

Events (10 events):
Event: 613.067 Executing VM operation: GetOrSetLocal done
Event: 879.631 Executing VM operation: ChangeBreakpoints
Event: 879.631 Executing VM operation: ChangeBreakpoints done
Event: 879.634 Executing VM operation: RedefineClasses
Event: 879.644 Executing VM operation: RedefineClasses done
Event: 879.645 Executing VM operation: GetOrSetLocal
Event: 879.645 Executing VM operation: GetOrSetLocal done
Event: 879.664 Executing VM operation: ChangeBreakpoints
Event: 879.665 Executing VM operation: ChangeBreakpoints done
Event: 879.668 Executing VM operation: GetOrSetLocal


Dynamic libraries:
0x00007ff7706a0000 - 0x00007ff7706d7000 	D:\Program Files\Java\jdk1.8.0_181\bin\java.exe
0x00007ff8b82a0000 - 0x00007ff8b8461000 	C:\Windows\SYSTEM32\ntdll.dll
0x00007ff8b7d60000 - 0x00007ff8b7e0d000 	C:\Windows\system32\KERNEL32.DLL
0x00007ff8b53c0000 - 0x00007ff8b55a8000 	C:\Windows\system32\KERNELBASE.dll
0x00007ff8b7820000 - 0x00007ff8b78c7000 	C:\Windows\system32\ADVAPI32.dll
0x00007ff8b5ab0000 - 0x00007ff8b5b4d000 	C:\Windows\system32\msvcrt.dll
0x00007ff8b5b50000 - 0x00007ff8b5bab000 	C:\Windows\system32\sechost.dll
0x00007ff8b7110000 - 0x00007ff8b722d000 	C:\Windows\system32\RPCRT4.dll
0x00007ff8b56a0000 - 0x00007ff8b57f6000 	C:\Windows\system32\USER32.dll
0x00007ff8b78d0000 - 0x00007ff8b7a57000 	C:\Windows\system32\GDI32.dll
0x00007ff8a90b0000 - 0x00007ff8a9324000 	C:\Windows\WinSxS\amd64_microsoft.windows.common-controls_6595b64144ccf1df_6.0.10586.839_none_a2ddba30a539a2ae\COMCTL32.dll
0x00007ff8b7f60000 - 0x00007ff8b81de000 	C:\Windows\system32\combase.dll
0x00007ff8b4a70000 - 0x00007ff8b4ada000 	C:\Windows\system32\bcryptPrimitives.dll
0x00007ff8b5800000 - 0x00007ff8b583b000 	C:\Windows\system32\IMM32.DLL
0x000000006ce20000 - 0x000000006cef2000 	D:\Program Files\Java\jdk1.8.0_181\jre\bin\msvcr100.dll
0x000000006bb00000 - 0x000000006c3a2000 	D:\Program Files\Java\jdk1.8.0_181\jre\bin\server\jvm.dll
0x00007ff8b7e80000 - 0x00007ff8b7e88000 	C:\Windows\system32\PSAPI.DLL
0x00007ff8b1e70000 - 0x00007ff8b1e79000 	C:\Windows\SYSTEM32\WSOCK32.dll
0x00007ff8b2ac0000 - 0x00007ff8b2ae3000 	C:\Windows\SYSTEM32\WINMM.dll
0x00007ff8b7e10000 - 0x00007ff8b7e7b000 	C:\Windows\system32\WS2_32.dll
0x00007ff8b1040000 - 0x00007ff8b104a000 	C:\Windows\SYSTEM32\VERSION.dll
0x00007ff8b2a60000 - 0x00007ff8b2a8c000 	C:\Windows\SYSTEM32\WINMMBASE.dll
0x00007ff8b4a20000 - 0x00007ff8b4a63000 	C:\Windows\system32\cfgmgr32.dll
0x000000006ce10000 - 0x000000006ce1f000 	D:\Program Files\Java\jdk1.8.0_181\jre\bin\verify.dll
0x000000006cde0000 - 0x000000006ce09000 	D:\Program Files\Java\jdk1.8.0_181\jre\bin\java.dll
0x000000006cd80000 - 0x000000006cdb5000 	D:\Program Files\Java\jdk1.8.0_181\jre\bin\jdwp.dll
0x000000006cd70000 - 0x000000006cd78000 	D:\Program Files\Java\jdk1.8.0_181\jre\bin\npt.dll
0x000000006cd40000 - 0x000000006cd63000 	D:\Program Files\Java\jdk1.8.0_181\jre\bin\instrument.dll
0x000000006cdc0000 - 0x000000006cdd6000 	D:\Program Files\Java\jdk1.8.0_181\jre\bin\zip.dll
0x00007ff8b5bb0000 - 0x00007ff8b710c000 	C:\Windows\system32\SHELL32.dll
0x00007ff8b4ba0000 - 0x00007ff8b51e5000 	C:\Windows\system32\windows.storage.dll
0x00007ff8b8240000 - 0x00007ff8b8292000 	C:\Windows\system32\shlwapi.dll
0x00007ff8b4930000 - 0x00007ff8b493f000 	C:\Windows\system32\kernel.appcore.dll
0x00007ff8b4ae0000 - 0x00007ff8b4b95000 	C:\Windows\system32\shcore.dll
0x00007ff8b48e0000 - 0x00007ff8b492b000 	C:\Windows\system32\powrprof.dll
0x00007ff8b4940000 - 0x00007ff8b4954000 	C:\Windows\system32\profapi.dll
0x000000006cd30000 - 0x000000006cd39000 	D:\Program Files\Java\jdk1.8.0_181\jre\bin\dt_socket.dll
0x00007ff8b4210000 - 0x00007ff8b426c000 	C:\Windows\system32\mswsock.dll
0x000000006cd10000 - 0x000000006cd2a000 	D:\Program Files\Java\jdk1.8.0_181\jre\bin\net.dll
0x00007ff8b42c0000 - 0x00007ff8b42d7000 	C:\Windows\SYSTEM32\CRYPTSP.dll
0x00007ff8b3f50000 - 0x00007ff8b3f84000 	C:\Windows\system32\rsaenh.dll
0x00007ff8b4770000 - 0x00007ff8b4799000 	C:\Windows\SYSTEM32\bcrypt.dll
0x00007ff8b40a0000 - 0x00007ff8b40bf000 	C:\Windows\SYSTEM32\USERENV.dll
0x00007ff8b43e0000 - 0x00007ff8b43eb000 	C:\Windows\SYSTEM32\CRYPTBASE.dll
0x00007ff8af7f0000 - 0x00007ff8af828000 	C:\Windows\SYSTEM32\IPHLPAPI.DLL
0x00007ff8b7cd0000 - 0x00007ff8b7cd8000 	C:\Windows\system32\NSI.dll
0x00007ff8af560000 - 0x00007ff8af576000 	C:\Windows\SYSTEM32\dhcpcsvc6.DLL
0x00007ff8af540000 - 0x00007ff8af55a000 	C:\Windows\SYSTEM32\dhcpcsvc.DLL
0x000000006ccf0000 - 0x000000006cd01000 	D:\Program Files\Java\jdk1.8.0_181\jre\bin\nio.dll
0x000000006ccc0000 - 0x000000006cce4000 	D:\Program Files\Java\jdk1.8.0_181\jre\bin\sunec.dll
0x000000006ccb0000 - 0x000000006ccbb000 	D:\Program Files\Java\jdk1.8.0_181\jre\bin\sunmscapi.dll
0x00007ff8b51f0000 - 0x00007ff8b53b8000 	C:\Windows\system32\CRYPT32.dll
0x00007ff8b4960000 - 0x00007ff8b4970000 	C:\Windows\system32\MSASN1.dll
0x00007ff89d260000 - 0x00007ff89d276000 	C:\Windows\system32\napinsp.dll
0x00007ff89d280000 - 0x00007ff89d29a000 	C:\Windows\system32\pnrpnsp.dll
0x00007ff8b20f0000 - 0x00007ff8b2108000 	C:\Windows\system32\NLAapi.dll
0x00007ff8b3410000 - 0x00007ff8b34ba000 	C:\Windows\SYSTEM32\DNSAPI.dll
0x00007ff8a32b0000 - 0x00007ff8a32bd000 	C:\Windows\System32\winrnr.dll
0x00007ff89d2a0000 - 0x00007ff89d2b5000 	C:\Windows\System32\wshbth.dll
0x0000000063560000 - 0x0000000063569000 	C:\Program Files\National Instruments\Shared\mDNS Responder\nimdnsNSP.dll
0x0000000063550000 - 0x000000006355e000 	C:\Windows\SYSTEM32\nimdnsResponder.dll
0x000000006d990000 - 0x000000006da33000 	C:\Windows\WinSxS\amd64_microsoft.vc90.crt_1fc8b3b9a1e18e3b_9.0.30729.9177_none_08e695a3a83b6ce3\MSVCR90.dll
0x000000006d960000 - 0x000000006d986000 	C:\Program Files\Bonjour\mdnsNSP.dll
0x00007ff8a7930000 - 0x00007ff8a793a000 	C:\Windows\System32\rasadhlp.dll
0x00007ff8af690000 - 0x00007ff8af6f7000 	C:\Windows\System32\fwpuclnt.dll

VM Arguments:
jvm_args: -agentlib:jdwp=transport=dt_socket,address=127.0.0.1:54616,suspend=y,server=n -ea -Didea.test.cyclic.buffer.size=1048576 -javaagent:C:\Users\keyf\AppData\Local\Temp\capture75718jars\debugger-agent.jar=file:/C:/Users/keyf/AppData/Local/Temp/capture.props -Dfile.encoding=UTF-8 
java_command: org.testng.RemoteTestNGStarter -usedefaultlisteners false -socket54615 @w@C:\Users\keyf\AppData\Local\Temp\idea_working_dirs_testng1.tmp -temp C:\Users\keyf\AppData\Local\Temp\idea_testng1.tmp
java_class_path (initial): D:\Program Files\JetBrains\IntelliJ IDEA Community Edition 2018.1.6\lib\idea_rt.jar;D:\Program Files\JetBrains\IntelliJ IDEA Community Edition 2018.1.6\plugins\testng\lib\testng-plugin.jar;D:\Program Files\Java\jdk1.8.0_181\jre\lib\charsets.jar;D:\Program Files\Java\jdk1.8.0_181\jre\lib\deploy.jar;D:\Program Files\Java\jdk1.8.0_181\jre\lib\ext\access-bridge-64.jar;D:\Program Files\Java\jdk1.8.0_181\jre\lib\ext\cldrdata.jar;D:\Program Files\Java\jdk1.8.0_181\jre\lib\ext\dnsns.jar;D:\Program Files\Java\jdk1.8.0_181\jre\lib\ext\jaccess.jar;D:\Program Files\Java\jdk1.8.0_181\jre\lib\ext\jfxrt.jar;D:\Program Files\Java\jdk1.8.0_181\jre\lib\ext\localedata.jar;D:\Program Files\Java\jdk1.8.0_181\jre\lib\ext\nashorn.jar;D:\Program Files\Java\jdk1.8.0_181\jre\lib\ext\sunec.jar;D:\Program Files\Java\jdk1.8.0_181\jre\lib\ext\sunjce_provider.jar;D:\Program Files\Java\jdk1.8.0_181\jre\lib\ext\sunmscapi.jar;D:\Program Files\Java\jdk1.8.0_181\jre\lib\ext\sunpkcs11.jar;D:\Program Files\Java\jdk1.8.0_181\jre\lib\ext\zipfs.jar;D:\Program Files\Java\jdk1.8.0_181\jre\lib\javaws.jar;D:\Program Files\Java\jdk1.8.0_181\jre\lib\jce.jar;D:\Program Files\Java\jdk1.8.0_181\jre\lib\jfr.jar;D:\Program Files\Java\jdk1.8.0_181\jre\lib\jfxswt.jar;D:\Program Files\Java\jdk1.8.0_181\jre\lib\jsse.jar;D:\Program Files\Java\jdk1.8.0_181\jre\lib\management-agent.jar;D:\Program Files\Java\jdk1.8.0_181\jre\lib\plugin.jar;D:\Program Files\Java\jdk1.8.0_181\jre\lib\resources.jar;D:\Program Files\Java\jdk1.8.0_181\jre\lib\rt.jar;D:\Users\keyf\IdeaProjects\firstAppiumProject\target\test-classes;D:\Users\keyf\IdeaProjects\firstAppiumProject\target\classes;C:\Users\keyf\.m2\repository\io\appium\java-client\6.1.0\java-client-6.1.0.jar;C:\Users\keyf\.m2\repository\org\seleniumhq\selenium\selenium-support\3.12.0\selenium-support-3.12.0.jar;C:\Users\keyf\.m2\repository\org\seleniumhq\selenium\selenium-api\3.12.0\selenium-api-3.12.0.jar;C:\Users\keyf\.m2\repository\com\google\code\gson\gs
Launcher Type: SUN_STANDARD

Environment Variables:
JAVA_HOME=D:\Program Files\Java\jdk1.8.0_181
PATH=C:\Program Files (x86)\Common Files\Oracle\Java\javapath;C:\Program Files (x86)\Intel\iCLS Client\;C:\Program Files\Intel\iCLS Client\;C:\Windows\system32;C:\Windows;C:\Windows\System32\Wbem;C:\Windows\System32\WindowsPowerShell\v1.0\;C:\Program Files (x86)\Intel\Intel(R) Management Engine Components\DAL;C:\Program Files\Intel\Intel(R) Management Engine Components\DAL;C:\Program Files (x86)\Intel\Intel(R) Management Engine Components\IPT;C:\Program Files\Intel\Intel(R) Management Engine Components\IPT;C:\Program Files\Intel\WiFi\bin\;C:\Program Files\Common Files\Intel\WirelessCommon\;C:\Program Files (x86)\NoteBook FanControl\;C:\Program Files (x86)\GtkSharp\2.12\bin;C:\Program Files (x86)\Skype\Phone\;D:\SQL86\110\Tools\Binn\;D:\SQL\110\Tools\Binn\;D:\SQL\110\DTS\Binn\;D:\SQL86\110\Tools\Binn\ManagementStudio\;D:\SQL86\110\DTS\Binn\;C:\Program Files (x86)\Windows Kits\8.1\Windows Performance Toolkit\;C:\PROGRA~2\IBM\GSK7_64\bin;C:\PROGRA~2\IBM\GSK7_64\lib64;D:\ibm\bin;C:\Program Files\IBM\GSK7_64\bin;C:\Program Files\IBM\GSK7_64\lib64;C:\Program Files\PuTTY\;D:\Program Files\Java\jdk1.8.0_181\bin;D:\Program Files\apache-maven-3.5.4\bin;D:\AStudioSDK\platform-tools;D:\AStudioSDK\tools;D:\AStudioSDK\tools\bin;D:\Users\keyf\AppData\Local\Programs\Python\Python37\Scripts\;D:\Users\keyf\AppData\Local\Programs\Python\Python37\;C:\Program Files\Intel\WiFi\bin\;C:\Program Files\Common Files\Intel\WirelessCommon\
USERNAME=keyf
OS=Windows_NT
PROCESSOR_IDENTIFIER=Intel64 Family 6 Model 94 Stepping 3, GenuineIntel



---------------  S Y S T E M  ---------------

OS: Windows 10.0 , 64 bit Build 10586 (10.0.10586.589)

CPU:total 8 (initial active 8) (4 cores per cpu, 2 threads per core) family 6 model 94 stepping 3, cmov, cx8, fxsr, mmx, sse, sse2, sse3, ssse3, sse4.1, sse4.2, popcnt, avx, avx2, aes, clmul, erms, rtm, 3dnowpref, lzcnt, ht, tsc, tscinvbit, bmi1, bmi2, adx

Memory: 4k page, physical 12517164k(4369976k free), swap 27803944k(11331116k free)

vm_info: Java HotSpot(TM) 64-Bit Server VM (25.181-b13) for windows-amd64 JRE (1.8.0_181-b13), built on Jul  7 2018 04:01:33 by "java_re" with MS VC++ 10.0 (VS2010)

time: Wed Jul 25 01:31:36 2018
elapsed time: 879 seconds (0d 0h 14m 39s)

